:root {
  --f7-panel-width: 180px; //260
}

  /*--f7-menu-bg-color: rgba(0, 0, 0, 0.9);
  --f7-menu-item-pressed-bg-color: rgba(20, 20, 20, 0.9);*/
  --f7-menu-bg-color:var(--f7-navbar-bg-color, var(--f7-bars-bg-color, var(--f7-theme-color)));
  --f7-menu-item-pressed-bg-color:var(--f7-navbar-bg-color, var(--f7-bars-bg-color, var(--f7-theme-color)));

.list input[type="datetime-local"] {
  /*max-width: 50vw;*/
}

.md .navbar ~ .page:not(.no-navbar) .toolbar-top-md {
 /* top: var(--f7-navbar-height);*/
}
________________________________________________app.css添加
input {
  -webkit-user-select:auto; /*webkit浏览器*/
}

textarea {
  -webkit-user-select:auto; /*webkit浏览器*/
}
*{
  -webkit-touch-callout:none; /*系统默认菜单被禁用*/
  -webkit-user-select:none; /*webkit浏览器*/
  -khtml-user-select:none; /*早期浏览器*/
  user-select:none;
}
